0 info it worked if it ends with ok
1 verbose cli [ '/usr/bin/node', '/usr/bin/npm', 'run', 'dev-server' ]
2 info using npm@3.10.10
3 info using node@v6.10.3
4 verbose run-script [ 'predev-server', 'dev-server', 'postdev-server' ]
5 info lifecycle ariya-demo@1.0.0~predev-server: ariya-demo@1.0.0
6 silly lifecycle ariya-demo@1.0.0~predev-server: no script for predev-server, continuing
7 info lifecycle ariya-demo@1.0.0~dev-server: ariya-demo@1.0.0
8 verbose lifecycle ariya-demo@1.0.0~dev-server: unsafe-perm in lifecycle true
9 verbose lifecycle ariya-demo@1.0.0~dev-server: PATH: /usr/lib/node_modules/npm/bin/node-gyp-bin:/home/swarga/Projects/rrs/node_modules/.bin:/usr/lib64/qt-3.3/bin:/usr/local/bin:/usr/local/sbin:/usr/bin:/usr/sbin:/home/swarga/.local/bin:/home/swarga/bin
10 verbose lifecycle ariya-demo@1.0.0~dev-server: CWD: /home/swarga/Projects/rrs
11 silly lifecycle ariya-demo@1.0.0~dev-server: Args: [ '-c',
11 silly lifecycle   'webpack-dev-server --progress --colors --hot --content-base ./server/public --config ./webpack.config.js' ]
12 info lifecycle ariya-demo@1.0.0~dev-server: Failed to exec dev-server script
13 verbose stack Error: ariya-demo@1.0.0 dev-server: `webpack-dev-server --progress --colors --hot --content-base ./server/public --config ./webpack.config.js`
13 verbose stack spawn ENOENT
13 verbose stack     at ChildProcess.<anonymous> (/usr/lib/node_modules/npm/lib/utils/spawn.js:33:16)
13 verbose stack     at emitTwo (events.js:106:13)
13 verbose stack     at ChildProcess.emit (events.js:191:7)
13 verbose stack     at maybeClose (internal/child_process.js:886:16)
13 verbose stack     at Process.ChildProcess._handle.onexit (internal/child_process.js:226:5)
14 verbose pkgid ariya-demo@1.0.0
15 verbose cwd /home/swarga/Projects/rrs
16 error Linux 4.11.5-200.fc25.x86_64
17 error argv "/usr/bin/node" "/usr/bin/npm" "run" "dev-server"
18 error node v6.10.3
19 error npm  v3.10.10
20 error file sh
21 error code ELIFECYCLE
22 error errno ENOENT
23 error syscall spawn
24 error ariya-demo@1.0.0 dev-server: `webpack-dev-server --progress --colors --hot --content-base ./server/public --config ./webpack.config.js`
24 error spawn ENOENT
25 error Failed at the ariya-demo@1.0.0 dev-server script 'webpack-dev-server --progress --colors --hot --content-base ./server/public --config ./webpack.config.js'.
25 error Make sure you have the latest version of node.js and npm installed.
25 error If you do, this is most likely a problem with the ariya-demo package,
25 error not with npm itself.
25 error Tell the author that this fails on your system:
25 error     webpack-dev-server --progress --colors --hot --content-base ./server/public --config ./webpack.config.js
25 error You can get information on how to open an issue for this project with:
25 error     npm bugs ariya-demo
25 error Or if that isn't available, you can get their info via:
25 error     npm owner ls ariya-demo
25 error There is likely additional logging output above.
26 verbose exit [ 1, true ]
